#
# A fatal error has been detected by the Java Runtime Environment:
#
#  Internal Error (classFileParser.cpp:3494), pid=10752, tid=11388
#  Error: ShouldNotReachHere()
#
# JRE version: 6.0_29-b11
# Java VM: Java HotSpot(TM) Client VM (20.4-b02 mixed mode windows-x86 )
# If you would like to submit a bug report, please visit:
#   http://java.sun.com/webapps/bugreport/crash.jsp
#

---------------  T H R E A D  ---------------

Current thread (0x011e9800):  JavaThread "Unknown thread" [_thread_in_vm, id=11388, stack(0x00180000,0x001d0000)]

Stack: [0x00180000,0x001d0000],  sp=0x001cf86c,  free space=318k
Native frames: (J=compiled Java code, j=interpreted, Vv=VM code, C=native code)
V  [jvm.dll+0x1335ba]
V  [jvm.dll+0x12e56b]
V  [jvm.dll+0x1639e]
V  [jvm.dll+0x17bdf]
V  [jvm.dll+0x26cc5]
V  [jvm.dll+0x27506]
V  [jvm.dll+0x278b5]
V  [jvm.dll+0x27949]
V  [jvm.dll+0x27a0c]
V  [jvm.dll+0x27a8a]
V  [jvm.dll+0x27b6d]
V  [jvm.dll+0x27e39]
V  [jvm.dll+0x6c383]
V  [jvm.dll+0x6c75c]
V  [jvm.dll+0xf9b4c]
V  [jvm.dll+0x11848b]
V  [jvm.dll+0x9eb60]
C  [javaw.exe+0x1657]
C  [javaw.exe+0x1e2c]
C  [javaw.exe+0x8614]
C  [kernel32.dll+0x4ed5c]  BaseThreadInitThunk+0x12
C  [ntdll.dll+0x637eb]  RtlInitializeExceptionChain+0xef
C  [ntdll.dll+0x637be]  RtlInitializeExceptionChain+0xc2


---------------  P R O C E S S  ---------------

Java Threads: ( => current thread )

Other Threads:

=>0x011e9800 (exited) JavaThread "Unknown thread" [_thread_in_vm, id=11388, stack(0x00180000,0x001d0000)]

VM state:not at safepoint (not fully initialized)

VM Mutex/Monitor currently owned by a thread: None

Dynamic libraries:
0x00400000 - 0x00424000 	C:\Program Files\Java\jre6\bin\javaw.exe
0x77b20000 - 0x77c5c000 	C:\Windows\SYSTEM32\ntdll.dll
0x77560000 - 0x77634000 	C:\Windows\system32\kernel32.dll
0x75cb0000 - 0x75cfb000 	C:\Windows\system32\KERNELBASE.dll
0x77950000 - 0x779f0000 	C:\Windows\system32\ADVAPI32.dll
0x77640000 - 0x776ec000 	C:\Windows\system32\msvcrt.dll
0x76d70000 - 0x76d89000 	C:\Windows\SYSTEM32\sechost.dll
0x75e90000 - 0x75f32000 	C:\Windows\system32\RPCRT4.dll
0x76d90000 - 0x76e59000 	C:\Windows\system32\USER32.dll
0x777a0000 - 0x777ee000 	C:\Windows\system32\GDI32.dll
0x77c60000 - 0x77c6a000 	C:\Windows\system32\LPK.dll
0x77cb0000 - 0x77d4d000 	C:\Windows\system32\USP10.dll
0x77c70000 - 0x77c8f000 	C:\Windows\system32\IMM32.DLL
0x76e60000 - 0x76f2c000 	C:\Windows\system32\MSCTF.dll
0x7c340000 - 0x7c396000 	C:\Program Files\Java\jre6\bin\msvcr71.dll
0x6d7f0000 - 0x6da9f000 	C:\Program Files\Java\jre6\bin\client\jvm.dll
0x73cb0000 - 0x73ce2000 	C:\Windows\system32\WINMM.dll
0x75ac0000 - 0x75b0c000 	C:\Windows\system32\apphelp.dll
0x6d7a0000 - 0x6d7ac000 	C:\Program Files\Java\jre6\bin\verify.dll
0x6d320000 - 0x6d33f000 	C:\Program Files\Java\jre6\bin\java.dll
0x6d7e0000 - 0x6d7ef000 	C:\Program Files\Java\jre6\bin\zip.dll
0x76d30000 - 0x76d35000 	C:\Windows\system32\PSAPI.DLL

VM Arguments:
jvm_args: -Dfile.encoding=Cp1252 -Xbootclasspath:C:\Program Files\Android\android-sdk\platforms\android-16\android.jar 
java_command: org.math.plot.DataSelectTable$1
Launcher Type: SUN_STANDARD

Environment Variables:
CLASSPATH=C:\
PATH=C:/Program Files/Java/jre7/bin/client;C:/Program Files/Java/jre7/bin;C:/Program Files/Java/jre7/lib/i386;C:\Program Files\Apache Software Foundation\PHP5\;C:\Users\jmb\android-sdks\platform-tools;C:\Windows\System32;C:\Program Files\MySQL\MySQL Server 5.5\bin;C:\Program Files\Apache Software Foundation\MySQL Server 5.5\bin;C:\Users\jmb\android-sdks\platform-tools;C:\Windows\System32;C:\eclipse;
USERNAME=jmb
OS=Windows_NT
PROCESSOR_IDENTIFIER=x86 Family 6 Model 37 Stepping 5, GenuineIntel



---------------  S Y S T E M  ---------------

OS: Windows 7 Build 7601 Service Pack 1

CPU:total 4 (2 cores per cpu, 2 threads per core) family 6 model 37 stepping 5, cmov, cx8, fxsr, mmx, sse, sse2, sse3, ssse3, sse4.1, sse4.2, popcnt, ht

Memory: 4k page, physical 3136192k(762656k free), swap 7446580k(2769668k free)

vm_info: Java HotSpot(TM) Client VM (20.4-b02) for windows-x86 JRE (1.6.0_29-b11), built on Oct  3 2011 01:01:08 by "java_re" with MS VC++ 7.1 (VS2003)

time: Sun Dec 01 12:37:18 2013
elapsed time: 0 seconds

